0 info it worked if it ends with ok
1 verbose cli [ 'node', '/usr/local/bin/npm', 'install', 'node-http-status' ]
2 info using npm@1.4.28
3 info using node@v0.10.35
4 warn package.json api@1.0.0 No description
5 warn package.json api@1.0.0 No repository field.
6 warn package.json api@1.0.0 No README data
7 verbose readDependencies using package.json deps
8 verbose cache add [ 'node-http-status', null ]
9 verbose cache add name=undefined spec="node-http-status" args=["node-http-status",null]
10 verbose parsed url { protocol: null,
10 verbose parsed url   slashes: null,
10 verbose parsed url   auth: null,
10 verbose parsed url   host: null,
10 verbose parsed url   port: null,
10 verbose parsed url   hostname: null,
10 verbose parsed url   hash: null,
10 verbose parsed url   search: null,
10 verbose parsed url   query: null,
10 verbose parsed url   pathname: 'node-http-status',
10 verbose parsed url   path: 'node-http-status',
10 verbose parsed url   href: 'node-http-status' }
11 silly lockFile 091bfaa8-node-http-status node-http-status
12 verbose lock node-http-status /Users/saichangchoon/.npm/091bfaa8-node-http-status.lock
13 silly lockFile 091bfaa8-node-http-status node-http-status
14 silly lockFile 091bfaa8-node-http-status node-http-status
15 verbose addNamed [ 'node-http-status', '' ]
16 verbose addNamed [ null, '*' ]
17 silly lockFile c1b0ecf1-node-http-status node-http-status@
18 verbose lock node-http-status@ /Users/saichangchoon/.npm/c1b0ecf1-node-http-status.lock
19 silly addNameRange { name: 'node-http-status', range: '*', hasData: false }
20 verbose request where is /node-http-status
21 verbose request registry https://registry.npmjs.org/
22 verbose request id 4739ecf0c9dd9b05
23 verbose url raw /node-http-status
24 verbose url resolving [ 'https://registry.npmjs.org/', './node-http-status' ]
25 verbose url resolved https://registry.npmjs.org/node-http-status
26 verbose request where is https://registry.npmjs.org/node-http-status
27 info trying registry request attempt 1 at 19:22:45
28 http GET https://registry.npmjs.org/node-http-status
29 http 404 https://registry.npmjs.org/node-http-status
30 verbose headers { date: 'Sun, 01 Mar 2015 11:22:48 GMT',
30 verbose headers   server: 'CouchDB/1.5.0 (Erlang OTP/R16B03)',
30 verbose headers   'content-type': 'application/json',
30 verbose headers   'cache-control': 'max-age=0',
30 verbose headers   'content-length': '52',
30 verbose headers   'accept-ranges': 'bytes',
30 verbose headers   via: '1.1 varnish',
30 verbose headers   age: '0',
30 verbose headers   'x-served-by': 'cache-lhr6327-LHR',
30 verbose headers   'x-cache': 'MISS',
30 verbose headers   'x-cache-hits': '0',
30 verbose headers   'x-timer': 'S1425208968.220810,VS0,VE85',
30 verbose headers   'keep-alive': 'timeout=10, max=50',
30 verbose headers   connection: 'Keep-Alive' }
31 silly registry.get cb [ 404,
31 silly registry.get   { date: 'Sun, 01 Mar 2015 11:22:48 GMT',
31 silly registry.get     server: 'CouchDB/1.5.0 (Erlang OTP/R16B03)',
31 silly registry.get     'content-type': 'application/json',
31 silly registry.get     'cache-control': 'max-age=0',
31 silly registry.get     'content-length': '52',
31 silly registry.get     'accept-ranges': 'bytes',
31 silly registry.get     via: '1.1 varnish',
31 silly registry.get     age: '0',
31 silly registry.get     'x-served-by': 'cache-lhr6327-LHR',
31 silly registry.get     'x-cache': 'MISS',
31 silly registry.get     'x-cache-hits': '0',
31 silly registry.get     'x-timer': 'S1425208968.220810,VS0,VE85',
31 silly registry.get     'keep-alive': 'timeout=10, max=50',
31 silly registry.get     connection: 'Keep-Alive' } ]
32 silly lockFile c1b0ecf1-node-http-status node-http-status@
33 silly lockFile c1b0ecf1-node-http-status node-http-status@
34 error 404 404 Not Found: node-http-status
34 error 404
34 error 404 'node-http-status' is not in the npm registry.
34 error 404 You should bug the author to publish it
34 error 404 It was specified as a dependency of 'api'
34 error 404
34 error 404 Maybe try 'npm search http status'
34 error 404
34 error 404 Note that you can also install from a
34 error 404 tarball, folder, or http url, or git url.
35 error System Darwin 13.4.0
36 error command "node" "/usr/local/bin/npm" "install" "node-http-status"
37 error cwd /Library/WebServer/Documents/dele.today/api
38 error node -v v0.10.35
39 error npm -v 1.4.28
40 error code E404
41 verbose exit [ 1, true ]
